#! /usr/bin/vvp
:ivl_version "11.0 (stable)";
:ivl_delay_selection "TYPICAL";
:vpi_time_precision + 0;
:vpi_module "/usr/lib/x86_64-linux-gnu/ivl/system.vpi";
:vpi_module "/usr/lib/x86_64-linux-gnu/ivl/vhdl_sys.vpi";
:vpi_module "/usr/lib/x86_64-linux-gnu/ivl/vhdl_textio.vpi";
:vpi_module "/usr/lib/x86_64-linux-gnu/ivl/v2005_math.vpi";
:vpi_module "/usr/lib/x86_64-linux-gnu/ivl/va_math.vpi";
S_0x605049dc8d90 .scope module, "mux_2" "mux_2" 2 1;
 .timescale 0 0;
    .port_info 0 /INPUT 32 "d0";
    .port_info 1 /INPUT 32 "d1";
    .port_info 2 /INPUT 1 "s";
    .port_info 3 /OUTPUT 1 "y";
v0x605049dc8f90_0 .net *"_ivl_0", 31 0, L_0x605049e0fd30;  1 drivers
o0x7c9bc3a70048 .functor BUFZ 32, C4<zzzzzzzzzzzzzzzzzzzzzzzzzzzzzzzz>; HiZ drive
v0x605049e0f960_0 .net "d0", 31 0, o0x7c9bc3a70048;  0 drivers
o0x7c9bc3a70078 .functor BUFZ 32, C4<zzzzzzzzzzzzzzzzzzzzzzzzzzzzzzzz>; HiZ drive
v0x605049e0fa40_0 .net "d1", 31 0, o0x7c9bc3a70078;  0 drivers
o0x7c9bc3a700a8 .functor BUFZ 1, C4<z>; HiZ drive
v0x605049e0fb30_0 .net "s", 0 0, o0x7c9bc3a700a8;  0 drivers
v0x605049e0fbf0_0 .net "y", 0 0, L_0x605049e0fe80;  1 drivers
L_0x605049e0fd30 .functor MUXZ 32, o0x7c9bc3a70048, o0x7c9bc3a70078, o0x7c9bc3a700a8, C4<>;
L_0x605049e0fe80 .part L_0x605049e0fd30, 0, 1;
# The file index is used to find the file name in the following table.
:file_names 3;
    "N/A";
    "<interactive>";
    "mux_2.sv";
